<?xml version="1.0" encoding="UTF-8"?>

<testsuite name="MainTest" tests="1" failures="0" errors="0" skipped="0" time="0.020" hostname="ptua-ls0200" timestamp="2015-02-02T17:15:40">
  <testcase classname="MainTest" name="testMainTest_alwaysTrue" time="0.020"/>
</testsuite>
